c:\users\nadja\documents\druga godina\spp1\projekat (2)\postavka\src\debug\vc142.pdb
c:\users\nadja\documents\druga godina\spp1\projekat (2)\postavka\src\debug\vc142.idb
c:\users\nadja\documents\druga godina\spp1\projekat (2)\postavka\src\debug\varmanager.obj
c:\users\nadja\documents\druga godina\spp1\projekat (2)\postavka\src\debug\token.obj
c:\users\nadja\documents\druga godina\spp1\projekat (2)\postavka\src\debug\syntaxanalysis.obj
c:\users\nadja\documents\druga godina\spp1\projekat (2)\postavka\src\debug\main.obj
c:\users\nadja\documents\druga godina\spp1\projekat (2)\postavka\src\debug\lexicalanalysis.obj
c:\users\nadja\documents\druga godina\spp1\projekat (2)\postavka\src\debug\lblmanager.obj
c:\users\nadja\documents\druga godina\spp1\projekat (2)\postavka\src\debug\funcmanager.obj
c:\users\nadja\documents\druga godina\spp1\projekat (2)\postavka\src\debug\finitestatemachine.obj
c:\users\nadja\documents\druga godina\spp1\projekat (2)\postavka\src\debug\livenessanalysis.obj
c:\users\nadja\documents\druga godina\spp1\projekat (2)\postavka\src\debug\ir.obj
c:\users\nadja\documents\druga godina\spp1\projekat (2)\postavka\src\debug\interferencegraph.obj
c:\users\nadja\documents\druga godina\spp1\sw_10_2018_projekat\postavka\src\debug\vc142.pdb
c:\users\nadja\documents\druga godina\spp1\sw_10_2018_projekat\postavka\src\debug\vc142.idb
c:\users\nadja\documents\druga godina\spp1\sw_10_2018_projekat\postavka\src\debug\varmanager.obj
c:\users\nadja\documents\druga godina\spp1\sw_10_2018_projekat\postavka\src\debug\token.obj
c:\users\nadja\documents\druga godina\spp1\sw_10_2018_projekat\postavka\src\debug\syntaxanalysis.obj
c:\users\nadja\documents\druga godina\spp1\sw_10_2018_projekat\postavka\src\debug\main.obj
c:\users\nadja\documents\druga godina\spp1\sw_10_2018_projekat\postavka\src\debug\livenessanalysis.obj
c:\users\nadja\documents\druga godina\spp1\sw_10_2018_projekat\postavka\src\debug\lexicalanalysis.obj
c:\users\nadja\documents\druga godina\spp1\sw_10_2018_projekat\postavka\src\debug\lblmanager.obj
c:\users\nadja\documents\druga godina\spp1\sw_10_2018_projekat\postavka\src\debug\ir.obj
c:\users\nadja\documents\druga godina\spp1\sw_10_2018_projekat\postavka\src\debug\interferencegraph.obj
c:\users\nadja\documents\druga godina\spp1\sw_10_2018_projekat\postavka\src\debug\funcmanager.obj
c:\users\nadja\documents\druga godina\spp1\sw_10_2018_projekat\postavka\src\debug\finitestatemachine.obj
c:\users\nadja\documents\druga godina\spp1\projekat (2)\postavka\src\debug\lexicalanalysis.exe
c:\users\nadja\documents\druga godina\spp1\projekat (2)\postavka\src\debug\lexicalanalysis.ilk
c:\users\nadja\documents\druga godina\spp1\projekat (2)\postavka\src\debug\lexicalanalysis.pdb
c:\users\nadja\documents\druga godina\spp1\sw_10_2018_projekat\postavka\src\debug\lexicalanalysis.exe
c:\users\nadja\documents\druga godina\spp1\sw_10_2018_projekat\postavka\src\debug\lexicalanalysis.ilk
c:\users\nadja\documents\druga godina\spp1\sw_10_2018_projekat\postavka\src\debug\lexicalanalysis.pdb
c:\users\nadja\documents\druga godina\spp1\sw_10_2018_projekat\postavka\src\debug\lexicalanalysis.tlog\cl.command.1.tlog
c:\users\nadja\documents\druga godina\spp1\sw_10_2018_projekat\postavka\src\debug\lexicalanalysis.tlog\cl.read.1.tlog
c:\users\nadja\documents\druga godina\spp1\sw_10_2018_projekat\postavka\src\debug\lexicalanalysis.tlog\cl.write.1.tlog
c:\users\nadja\documents\druga godina\spp1\sw_10_2018_projekat\postavka\src\debug\lexicalanalysis.tlog\link.command.1.tlog
c:\users\nadja\documents\druga godina\spp1\sw_10_2018_projekat\postavka\src\debug\lexicalanalysis.tlog\link.read.1.tlog
c:\users\nadja\documents\druga godina\spp1\sw_10_2018_projekat\postavka\src\debug\lexicalanalysis.tlog\link.write.1.tlog
